Copyright 1986-2022 Xilinx, Inc. All Rights Reserved. Copyright 2022-2024 Advanced Micro Devices, Inc. All Rights Reserved.
---------------------------------------------------------------------------------------------------------------------------------------------
| Tool Version : Vivado v.2024.2 (lin64) Build 5239630 Fri Nov 08 22:34:34 MST 2024
| Date         : Fri Oct 24 17:13:41 2025
| Host         : sensnuc6 running 64-bit Ubuntu 22.04.5 LTS
| Command      : report_utilization -hierarchical -file litex_m2sdr_m2_pcie_x1_utilization_hierarchical_synth.rpt
| Design       : litex_m2sdr_m2_pcie_x1
| Device       : xc7a200tsbg484-3
| Speed File   : -3
| Design State : Synthesized
---------------------------------------------------------------------------------------------------------------------------------------------

Utilization Design Information

Table of Contents
-----------------
1. Utilization by Hierarchy

1. Utilization by Hierarchy
---------------------------

+------------------------------------------------------------+---------------------------------------------+------------+------------+---------+------+------+--------+--------+------------+
|                          Instance                          |                    Module                   | Total LUTs | Logic LUTs | LUTRAMs | SRLs |  FFs | RAMB36 | RAMB18 | DSP Blocks |
+------------------------------------------------------------+---------------------------------------------+------------+------------+---------+------+------+--------+--------+------------+
| litex_m2sdr_m2_pcie_x1                                     |                                       (top) |       8033 |       6902 |    1124 |    7 | 8730 |     35 |      2 |          0 |
|   (litex_m2sdr_m2_pcie_x1)                                 |                                       (top) |       7538 |       6413 |    1124 |    1 | 7757 |     27 |      2 |          0 |
|   pcie_s7                                                  |                                     pcie_s7 |        495 |        489 |       0 |    6 |  973 |      8 |      0 |          0 |
|     (pcie_s7)                                              |                                     pcie_s7 |          0 |          0 |       0 |    0 |    0 |      0 |      0 |          0 |
|     inst                                                   |                           pcie_s7_pcie2_top |        495 |        489 |       0 |    6 |  973 |      8 |      0 |          0 |
|       (inst)                                               |                           pcie_s7_pcie2_top |          3 |          3 |       0 |    0 |    0 |      0 |      0 |          0 |
|       inst                                                 |                            pcie_s7_core_top |        492 |        486 |       0 |    6 |  973 |      8 |      0 |          0 |
|         (inst)                                             |                            pcie_s7_core_top |         14 |          8 |       0 |    6 |   12 |      0 |      0 |          0 |
|         gt_top_i                                           |                              pcie_s7_gt_top |        314 |        314 |       0 |    0 |  606 |      0 |      0 |          0 |
|           (gt_top_i)                                       |                              pcie_s7_gt_top |          2 |          2 |       0 |    0 |    8 |      0 |      0 |          0 |
|           gt_rx_valid_filter[0].GT_RX_VALID_FILTER_7x_inst |               pcie_s7_gt_rx_valid_filter_7x |         20 |         20 |       0 |    0 |   30 |      0 |      0 |          0 |
|           pipe_wrapper_i                                   |                        pcie_s7_pipe_wrapper |        292 |        292 |       0 |    0 |  568 |      0 |      0 |          0 |
|             (pipe_wrapper_i)                               |                        pcie_s7_pipe_wrapper |          1 |          1 |       0 |    0 |    2 |      0 |      0 |          0 |
|             gtp_pipe_reset.gtp_pipe_reset_i                |                      pcie_s7_gtp_pipe_reset |         26 |         26 |       0 |    0 |   48 |      0 |      0 |          0 |
|             pipe_lane[0].gt_wrapper_i                      |                          pcie_s7_gt_wrapper |          0 |          0 |       0 |    0 |    0 |      0 |      0 |          0 |
|             pipe_lane[0].gtp_pipe_drp.gtp_pipe_drp_i       |                        pcie_s7_gtp_pipe_drp |         15 |         15 |       0 |    0 |   60 |      0 |      0 |          0 |
|             pipe_lane[0].gtp_pipe_rate.gtp_pipe_rate_i     |                       pcie_s7_gtp_pipe_rate |         23 |         23 |       0 |    0 |   39 |      0 |      0 |          0 |
|             pipe_lane[0].pipe_eq.pipe_eq_i                 |                             pcie_s7_pipe_eq |        174 |        174 |       0 |    0 |  294 |      0 |      0 |          0 |
|               (pipe_lane[0].pipe_eq.pipe_eq_i)             |                             pcie_s7_pipe_eq |        126 |        126 |       0 |    0 |  186 |      0 |      0 |          0 |
|               rxeq_scan_i                                  |                           pcie_s7_rxeq_scan |         48 |         48 |       0 |    0 |  108 |      0 |      0 |          0 |
|             pipe_lane[0].pipe_sync_i                       |                           pcie_s7_pipe_sync |          9 |          9 |       0 |    0 |   45 |      0 |      0 |          0 |
|             pipe_lane[0].pipe_user_i                       |                           pcie_s7_pipe_user |         41 |         41 |       0 |    0 |   61 |      0 |      0 |          0 |
|             qpll_reset.qpll_reset_i                        |                          pcie_s7_qpll_reset |          3 |          3 |       0 |    0 |   19 |      0 |      0 |          0 |
|         pcie_top_i                                         |                            pcie_s7_pcie_top |        164 |        164 |       0 |    0 |  351 |      8 |      0 |          0 |
|           (pcie_top_i)                                     |                            pcie_s7_pcie_top |          1 |          1 |       0 |    0 |   16 |      0 |      0 |          0 |
|           axi_basic_top                                    |                       pcie_s7_axi_basic_top |        120 |        120 |       0 |    0 |  281 |      0 |      0 |          0 |
|             rx_inst                                        |                        pcie_s7_axi_basic_rx |         92 |         92 |       0 |    0 |  177 |      0 |      0 |          0 |
|               rx_null_gen_inst                             |               pcie_s7_axi_basic_rx_null_gen |         32 |         32 |       0 |    0 |   13 |      0 |      0 |          0 |
|               rx_pipeline_inst                             |               pcie_s7_axi_basic_rx_pipeline |         62 |         62 |       0 |    0 |  164 |      0 |      0 |          0 |
|             tx_inst                                        |                        pcie_s7_axi_basic_tx |         28 |         28 |       0 |    0 |  104 |      0 |      0 |          0 |
|               thrtl_ctl_enabled.tx_thrl_ctl_inst           |              pcie_s7_axi_basic_tx_thrtl_ctl |         25 |         25 |       0 |    0 |   29 |      0 |      0 |          0 |
|               tx_pipeline_inst                             |               pcie_s7_axi_basic_tx_pipeline |          3 |          3 |       0 |    0 |   75 |      0 |      0 |          0 |
|           pcie_7x_i                                        |                             pcie_s7_pcie_7x |         43 |         43 |       0 |    0 |    0 |      8 |      0 |          0 |
|             (pcie_7x_i)                                    |                             pcie_s7_pcie_7x |         43 |         43 |       0 |    0 |    0 |      0 |      0 |          0 |
|             pcie_bram_top                                  |                    pcie_s7_pcie_bram_top_7x |          0 |          0 |       0 |    0 |    0 |      8 |      0 |          0 |
|               pcie_brams_rx                                |                       pcie_s7_pcie_brams_7x |          0 |          0 |       0 |    0 |    0 |      4 |      0 |          0 |
|                 brams[0].ram                               |                      pcie_s7_pcie_bram_7x_7 |          0 |          0 |       0 |    0 |    0 |      1 |      0 |          0 |
|                   use_tdp.ramb36                           | pcie_s7xil_internal_svlib_BRAM_TDP_MACRO_14 |          0 |          0 |       0 |    0 |    0 |      1 |      0 |          0 |
|                 brams[1].ram                               |                      pcie_s7_pcie_bram_7x_8 |          0 |          0 |       0 |    0 |    0 |      1 |      0 |          0 |
|                   use_tdp.ramb36                           | pcie_s7xil_internal_svlib_BRAM_TDP_MACRO_13 |          0 |          0 |       0 |    0 |    0 |      1 |      0 |          0 |
|                 brams[2].ram                               |                      pcie_s7_pcie_bram_7x_9 |          0 |          0 |       0 |    0 |    0 |      1 |      0 |          0 |
|                   use_tdp.ramb36                           | pcie_s7xil_internal_svlib_BRAM_TDP_MACRO_12 |          0 |          0 |       0 |    0 |    0 |      1 |      0 |          0 |
|                 brams[3].ram                               |                     pcie_s7_pcie_bram_7x_10 |          0 |          0 |       0 |    0 |    0 |      1 |      0 |          0 |
|                   use_tdp.ramb36                           | pcie_s7xil_internal_svlib_BRAM_TDP_MACRO_11 |          0 |          0 |       0 |    0 |    0 |      1 |      0 |          0 |
|               pcie_brams_tx                                |                     pcie_s7_pcie_brams_7x_0 |          0 |          0 |       0 |    0 |    0 |      4 |      0 |          0 |
|                 brams[0].ram                               |                        pcie_s7_pcie_bram_7x |          0 |          0 |       0 |    0 |    0 |      1 |      0 |          0 |
|                   use_tdp.ramb36                           |  pcie_s7xil_internal_svlib_BRAM_TDP_MACRO_6 |          0 |          0 |       0 |    0 |    0 |      1 |      0 |          0 |
|                 brams[1].ram                               |                      pcie_s7_pcie_bram_7x_1 |          0 |          0 |       0 |    0 |    0 |      1 |      0 |          0 |
|                   use_tdp.ramb36                           |  pcie_s7xil_internal_svlib_BRAM_TDP_MACRO_5 |          0 |          0 |       0 |    0 |    0 |      1 |      0 |          0 |
|                 brams[2].ram                               |                      pcie_s7_pcie_bram_7x_2 |          0 |          0 |       0 |    0 |    0 |      1 |      0 |          0 |
|                   use_tdp.ramb36                           |  pcie_s7xil_internal_svlib_BRAM_TDP_MACRO_4 |          0 |          0 |       0 |    0 |    0 |      1 |      0 |          0 |
|                 brams[3].ram                               |                      pcie_s7_pcie_bram_7x_3 |          0 |          0 |       0 |    0 |    0 |      1 |      0 |          0 |
|                   use_tdp.ramb36                           |    pcie_s7xil_internal_svlib_BRAM_TDP_MACRO |          0 |          0 |       0 |    0 |    0 |      1 |      0 |          0 |
|           pcie_pipe_pipeline_i                             |                  pcie_s7_pcie_pipe_pipeline |          0 |          0 |       0 |    0 |   54 |      0 |      0 |          0 |
|             pipe_lane_0_i                                  |                      pcie_s7_pcie_pipe_lane |          0 |          0 |       0 |    0 |   48 |      0 |      0 |          0 |
|             pipe_misc_i                                    |                      pcie_s7_pcie_pipe_misc |          0 |          0 |       0 |    0 |    6 |      0 |      0 |          0 |
|         phy_lnk_up_cdc                                     |                    pcie_s7xpm_cdc_single__2 |          0 |          0 |       0 |    0 |    2 |      0 |      0 |          0 |
|         pl_received_hot_rst_cdc                            |                       pcie_s7xpm_cdc_single |          0 |          0 |       0 |    0 |    2 |      0 |      0 |          0 |
+------------------------------------------------------------+---------------------------------------------+------------+------------+---------+------+------+--------+--------+------------+


