Copyright 1986-2022 Xilinx, Inc. All Rights Reserved. Copyright 2022-2024 Advanced Micro Devices, Inc. All Rights Reserved.
---------------------------------------------------------------------------------------------------------------------------------------------
| Tool Version : Vivado v.2024.2 (lin64) Build 5239630 Fri Nov 08 22:34:34 MST 2024
| Date         : Mon Oct  6 17:08:45 2025
| Host         : sensnuc6 running 64-bit Ubuntu 22.04.5 LTS
| Command      : report_control_sets -verbose -file litex_m2sdr_m2_pcie_x1_control_sets.rpt
| Design       : litex_m2sdr_m2_pcie_x1
| Device       : xc7a200t
---------------------------------------------------------------------------------------------------------------------------------------------

Control Set Information

Table of Contents
-----------------
1. Summary
2. Histogram
3. Flip-Flop Distribution
4. Detailed Control Set Information

1. Summary
----------

+----------------------------------------------------------+-------+
|                          Status                          | Count |
+----------------------------------------------------------+-------+
| Total control sets                                       |   289 |
|    Minimum number of control sets                        |   289 |
|    Addition due to synthesis replication                 |     0 |
|    Addition due to physical synthesis replication        |     0 |
| Unused register locations in slices containing registers |   641 |
+----------------------------------------------------------+-------+
* Control sets can be merged at opt_design using control_set_merge or merge_equivalent_drivers
** Run report_qor_suggestions for automated merging and remapping suggestions


2. Histogram
------------

+--------------------+-------+
|       Fanout       | Count |
+--------------------+-------+
| Total control sets |   289 |
| >= 0 to < 4        |    20 |
| >= 4 to < 6        |    14 |
| >= 6 to < 8        |    20 |
| >= 8 to < 10       |    53 |
| >= 10 to < 12      |    19 |
| >= 12 to < 14      |    12 |
| >= 14 to < 16      |     3 |
| >= 16              |   148 |
+--------------------+-------+
* Control sets can be remapped at either synth_design or opt_design


3. Flip-Flop Distribution
-------------------------

+--------------+-----------------------+------------------------+-----------------+--------------+
| Clock Enable | Synchronous Set/Reset | Asynchronous Set/Reset | Total Registers | Total Slices |
+--------------+-----------------------+------------------------+-----------------+--------------+
| No           | No                    | No                     |            1892 |          482 |
| No           | No                    | Yes                    |              53 |           24 |
| No           | Yes                   | No                     |            1898 |          687 |
| Yes          | No                    | No                     |             766 |          252 |
| Yes          | No                    | Yes                    |               0 |            0 |
| Yes          | Yes                   | No                     |            3838 |         1159 |
+--------------+-----------------------+------------------------+-----------------+--------------+


4. Detailed Control Set Information
-----------------------------------

+--------------------------------+-----------------------------------------------------------------------------------------------------------+------------------------------------------------------------------------------------------------------+------------------+----------------+--------------+
|          Clock Signal          |                                               Enable Signal                                               |                                           Set/Reset Signal                                           | Slice Load Count | Bel Load Count | Bels / Slice |
+--------------------------------+-----------------------------------------------------------------------------------------------------------+------------------------------------------------------------------------------------------------------+------------------+----------------+--------------+
|  basesoc_s7pciephy_clkout_buf3 | pcie_s7/inst/inst/pcie_top_i/axi_basic_top/rx_inst/rx_pipeline_inst/m_axis_rx_tuser[21]_i_1_n_0           |                                                                                                      |                1 |              1 |         1.00 |
|  basesoc_s7pciephy_clkout_buf3 | basesoc_s7pciephy_tx_datapath_pipe_ready_sink_d_payload_dat[63]_i_1_n_0                                   |                                                                                                      |                1 |              1 |         1.00 |
|  sys_clk                       | storage_5_reg_0_i_2_n_0                                                                                   | basesoc_ad9361_rx_cdc_cd_rst                                                                         |                1 |              1 |         1.00 |
|  sys_clk                       | basesoc_ad9361_ad9361spimaster_clk_set                                                                    | ad9361_spi_clk_i_1_n_0                                                                               |                1 |              1 |         1.00 |
|  sys_clk                       | basesoc_ad9361_ad9361spimaster_clk_set                                                                    | basesoc_ad9361_rx_cdc_cd_rst                                                                         |                1 |              1 |         1.00 |
|  sys_clk                       | basesoc_basesoc_jtagbone_words_count_uartbone_next_value_ce2                                              | basesoc_basesoc_jtagbone_words_count[5]_i_1_n_0                                                      |                1 |              1 |         1.00 |
|  sys_clk                       | basesoc_ad9361_ad9361spimaster_clk_clr                                                                    | basesoc_ad9361_rx_cdc_cd_rst                                                                         |                1 |              1 |         1.00 |
|  basesoc_s7pciephy_clkout_buf3 |                                                                                                           | pcie_s7/inst/inst/sys_or_hot_rst                                                                     |                1 |              2 |         2.00 |
|  basesoc_s7pciephy_clkout_buf0 |                                                                                                           |                                                                                                      |                1 |              2 |         2.00 |
|  clk4_counter_clk              |                                                                                                           | basesoc_ad9361_rx_cdc_cd_rst                                                                         |                1 |              2 |         2.00 |
|  sys_clk                       |                                                                                                           | impl_xilinxasyncresetsynchronizerimpl0                                                               |                1 |              2 |         2.00 |
|  basesoc_s7pciephy_clkout_buf3 |                                                                                                           | basesoc_ad9361_rx_cdc_cd_rst                                                                         |                1 |              2 |         2.00 |
|  pclk_clk                      |                                                                                                           | pcie_s7/inst/inst/gt_top_i/pipe_wrapper_i/sys_rst_n                                                  |                1 |              2 |         2.00 |
|  clk2_counter_clk              |                                                                                                           | basesoc_ad9361_rx_cdc_cd_rst                                                                         |                1 |              2 |         2.00 |
|  jtag_clk                      |                                                                                                           | basesoc_ad9361_rx_cdc_cd_rst                                                                         |                1 |              2 |         2.00 |
|  icap_clk                      |                                                                                                           |                                                                                                      |                2 |              3 |         1.50 |
|  clk2_counter_clk              |                                                                                                           |                                                                                                      |                1 |              3 |         3.00 |
|  sys_clk                       | litepcieendpoint_tag_queue_syncfifo_re                                                                    |                                                                                                      |                1 |              3 |         3.00 |
|  basesoc_s7pciephy_clkout_buf3 |                                                                                                           | pcie_s7/inst/inst/gt_top_i/pipe_wrapper_i/sys_rst_n                                                  |                3 |              3 |         1.00 |
|  rfic_clk                      |                                                                                                           | to7252_rst                                                                                           |                1 |              3 |         3.00 |
|  pclk_clk                      | pcie_s7/inst/inst/gt_top_i/pipe_wrapper_i/pipe_lane[0].pipe_eq.pipe_eq_i/txeq_preset[15]_i_1_n_0          | pcie_s7/inst/inst/gt_top_i/pipe_wrapper_i/pipe_lane[0].pipe_eq.pipe_eq_i/txeq_preset[16]_i_1_n_0     |                2 |              4 |         2.00 |
|  sys_clk                       | basesoc_si5351_master_tx_fifo_level[3]_i_1_n_0                                                            | basesoc_ad9361_rx_cdc_cd_rst                                                                         |                2 |              4 |         2.00 |
|  sys_clk                       | basesoc_si5351_master_rx_fifo_level[3]_i_1_n_0                                                            | basesoc_ad9361_rx_cdc_cd_rst                                                                         |                1 |              4 |         4.00 |
|  sys_clk                       | litepcieendpoint_req_queue_level0[3]_i_1_n_0                                                              | basesoc_ad9361_rx_cdc_cd_rst                                                                         |                2 |              4 |         2.00 |
|  sys_clk                       | litepcieendpoint_tag_queue_level0[3]_i_1_n_0                                                              | basesoc_ad9361_rx_cdc_cd_rst                                                                         |                1 |              4 |         4.00 |
|  sys_clk                       |                                                                                                           | basesoc_basesoc_jtagbone_phy_tx_cdc_cd_rst                                                           |                1 |              4 |         4.00 |
|  jtag_clk                      |                                                                                                           | basesoc_basesoc_jtagbone_phy_tx_cdc_cd_rst                                                           |                1 |              4 |         4.00 |
|  sys_clk                       | csr_bankarray_csrbank0_ctrl0_re                                                                           | basesoc_ad9361_rx_cdc_cd_rst                                                                         |                1 |              4 |         4.00 |
|  sys_clk                       | basesoc_flash_mosi_sel[5]_i_1_n_0                                                                         | basesoc_ad9361_rx_cdc_cd_rst                                                                         |                2 |              4 |         2.00 |
|  sys_clk                       | si5351_resetinserter_state[3]_i_2_n_0                                                                     | basesoc_si5351_adr                                                                                   |                2 |              4 |         2.00 |
|  icap_clk                      | basesoc_icap_count_icap_next_value_ce0                                                                    | basesoc_icap_reset                                                                                   |                2 |              4 |         2.00 |
|  pclk_clk                      | pcie_s7/inst/inst/gt_top_i/gt_rx_valid_filter[0].GT_RX_VALID_FILTER_7x_inst/reg_state_eios_det[4]_i_1_n_0 | pcie_s7/inst/inst/gt_top_i/SR[0]                                                                     |                2 |              5 |         2.50 |
|  sys_clk                       | si5351_litei2c_next_state                                                                                 | basesoc_ad9361_rx_cdc_cd_rst                                                                         |                3 |              5 |         1.67 |
|  sys_clk                       | csr_bankarray_csrbank10_addr0_re                                                                          |                                                                                                      |                1 |              5 |         5.00 |
|  rfic_clk                      |                                                                                                           | from7415_rst                                                                                         |                1 |              6 |         6.00 |
|  sys_clk                       | csr_bankarray_csrbank0_config0_re                                                                         | basesoc_ad9361_rx_cdc_cd_rst                                                                         |                2 |              6 |         3.00 |
|  rfic_clk                      |                                                                                                           | basesoc_ad9361_rx_cdc_cd_rst                                                                         |                3 |              6 |         2.00 |
|  rfic_clk                      | trigger_mem_source_ready0                                                                                 | trigger_count[5]_i_1_n_0                                                                             |                2 |              6 |         3.00 |
|  sys_clk                       | basesoc_flash_count_s7spiflash_next_value_ce                                                              | basesoc_ad9361_rx_cdc_cd_rst                                                                         |                2 |              6 |         3.00 |
|  sys_clk                       |                                                                                                           | from7252_rst                                                                                         |                1 |              6 |         6.00 |
|  sys_clk                       |                                                                                                           | basesoc_s7pciephy_tx_datapath_cdc_cd_rst                                                             |                3 |              6 |         2.00 |
|  sys_clk                       |                                                                                                           | to7415_rst                                                                                           |                2 |              6 |         3.00 |
|  sys_clk                       |                                                                                                           | from1380_rst                                                                                         |                1 |              6 |         6.00 |
|  sys_clk                       |                                                                                                           | from3224_rst                                                                                         |                2 |              6 |         3.00 |
|  sys_clk                       |                                                                                                           | to1531_rst                                                                                           |                2 |              6 |         3.00 |
|  jtag_clk                      |                                                                                                           | from1531_rst                                                                                         |                1 |              6 |         6.00 |
|  basesoc_s7pciephy_clkout_buf3 |                                                                                                           | to3224_rst                                                                                           |                2 |              6 |         3.00 |
|  basesoc_s7pciephy_clkout_buf3 |                                                                                                           | basesoc_s7pciephy_tx_datapath_cdc_cd_rst                                                             |                3 |              6 |         2.00 |
|  jtag_clk                      |                                                                                                           | to1380_rst                                                                                           |                2 |              6 |         3.00 |
|  sys_clk                       | csr_bankarray_csrbank16_i2c_master_addr0_re                                                               | basesoc_ad9361_rx_cdc_cd_rst                                                                         |                3 |              7 |         2.33 |
|  pclk_clk                      |                                                                                                           | pcie_s7/inst/inst/gt_top_i/reg_clock_locked_i_1_n_0                                                  |                3 |              7 |         2.33 |
|  sys_clk                       | basesoc_basesoc_jtagbone_words_count_uartbone_next_value_ce2                                              |                                                                                                      |                3 |              7 |         2.33 |
|  pclk_clk                      | pcie_s7/inst/inst/gt_top_i/pipe_wrapper_i/pipe_lane[0].pipe_user_i/resetovrd.reset[7]_i_1_n_0             | pcie_s7/inst/inst/gt_top_i/pipe_wrapper_i/gtp_pipe_reset.gtp_pipe_reset_i/pllreset_reg_0             |                2 |              7 |         3.50 |
|  sys_clk                       | basesoc_si5351_litei2cphycore_sr_addr_si5351_litei2c_next_value_ce2                                       | basesoc_ad9361_rx_cdc_cd_rst                                                                         |                2 |              7 |         3.50 |
|  sys_clk                       | basesoc_basesoc_jtagbone_cmd_uartbone_next_value_ce3                                                      |                                                                                                      |                2 |              8 |         4.00 |
|  sys_clk                       | basesoc_basesoc_writer_data_fifo_wrport_we                                                                | basesoc_basesoc_writer_splitter_length                                                               |                2 |              8 |         4.00 |
|  sys_clk                       | basesoc_basesoc_reader_table_table_wrport_we__0                                                           | basesoc_basesoc_reader_table_table_level                                                             |                2 |              8 |         4.00 |
|  pclk_clk                      |                                                                                                           | pcie_s7/inst/inst/gt_top_i/pipe_wrapper_i/pipe_lane[0].pipe_user_i/resetovrd.reset_cnt[7]_i_1_n_0    |                2 |              8 |         4.00 |
|  sys_clk                       | litepcieendpoint_syncfifo7_syncfifo7_re                                                                   | basesoc_ad9361_rx_cdc_cd_rst                                                                         |                3 |              8 |         2.67 |
|  sys_clk                       | litepcieendpoint_syncfifo6_syncfifo6_re                                                                   | basesoc_ad9361_rx_cdc_cd_rst                                                                         |                2 |              8 |         4.00 |
|  sys_clk                       | litepcieendpoint_syncfifo2_wrport_we                                                                      | basesoc_ad9361_rx_cdc_cd_rst                                                                         |                2 |              8 |         4.00 |
|  sys_clk                       | litepcieendpoint_syncfifo0_wrport_we                                                                      | basesoc_ad9361_rx_cdc_cd_rst                                                                         |                3 |              8 |         2.67 |
|  sys_clk                       | litepcieendpoint_syncfifo5_syncfifo5_re                                                                   | basesoc_ad9361_rx_cdc_cd_rst                                                                         |                3 |              8 |         2.67 |
|  sys_clk                       | litepcieendpoint_syncfifo5_wrport_we                                                                      | basesoc_ad9361_rx_cdc_cd_rst                                                                         |                2 |              8 |         4.00 |
|  sys_clk                       | basesoc_basesoc_writer_table_table_wrport_we__0                                                           | basesoc_basesoc_writer_table_table_level                                                             |                3 |              8 |         2.67 |
|  clk4_counter_clk              | basesoc_time_sync_count[7]_i_2_n_0                                                                        | basesoc_time_sync_ping_i                                                                             |                3 |              8 |         2.67 |
|  sys_clk                       | litepcieendpoint_syncfifo0_rdport_re                                                                      | basesoc_ad9361_rx_cdc_cd_rst                                                                         |                2 |              8 |         4.00 |
|  sys_clk                       | basesoc_flash_mosi_storage[39]_i_1_n_0                                                                    |                                                                                                      |                2 |              8 |         4.00 |
|  sys_clk                       | litepcieendpoint_syncfifo1_syncfifo1_re                                                                   | basesoc_ad9361_rx_cdc_cd_rst                                                                         |                2 |              8 |         4.00 |
|  sys_clk                       | basesoc_si5351_litei2cphycore_sr_cnt_si5351_litei2c_next_value_ce3                                        | basesoc_ad9361_rx_cdc_cd_rst                                                                         |                5 |              8 |         1.60 |
|  sys_clk                       | litepcieendpoint_syncfifo3_wrport_we                                                                      | basesoc_ad9361_rx_cdc_cd_rst                                                                         |                2 |              8 |         4.00 |
|  sys_clk                       | basesoc_basesoc_writer_splitter_source_payload_address_litepciedma_resetinserter_next_value_ce2           | basesoc_basesoc_writer_splitter_source_payload_length[16]                                            |                2 |              8 |         4.00 |
|  sys_clk                       | litepcieendpoint_syncfifo2_syncfifo2_re                                                                   | basesoc_ad9361_rx_cdc_cd_rst                                                                         |                4 |              8 |         2.00 |
|  sys_clk                       | basesoc_basesoc_reader_splitter_sink_ready                                                                | basesoc_basesoc_reader_splitter_length                                                               |                2 |              8 |         4.00 |
|  sys_clk                       | litepcieendpoint_syncfifo3_rdport_re                                                                      | basesoc_ad9361_rx_cdc_cd_rst                                                                         |                2 |              8 |         4.00 |
|  rfic_clk                      | storage_mem_wrport_we                                                                                     |                                                                                                      |                2 |              8 |         4.00 |
|  sys_clk                       | basesoc_basesoc_writer_data_fifo_syncfifo_re                                                              | basesoc_basesoc_writer_splitter_length                                                               |                2 |              8 |         4.00 |
|  sys_clk                       | basesoc_basesoc_jtagbone_length_uartbone_next_value_ce4                                                   |                                                                                                      |                1 |              8 |         8.00 |
|  sys_clk                       | basesoc_basesoc_packetizer_tlp_raw_ready                                                                  | basesoc_basesoc_packetizer_tlp_raw_buf_pipe_valid_source_payload_header[127]_i_1_n_0                 |                3 |              8 |         2.67 |
|  sys_clk                       | basesoc_ad9361_ad9361spimaster_cnt[7]_i_1_n_0                                                             | basesoc_ad9361_rx_cdc_cd_rst                                                                         |                3 |              8 |         2.67 |
|  sys_clk                       | litepcieendpoint_tag_queue_wrport_we__0                                                                   |                                                                                                      |                1 |              8 |         8.00 |
|  sys_clk                       | litepcieendpoint_syncfifo6_wrport_we                                                                      | basesoc_ad9361_rx_cdc_cd_rst                                                                         |                2 |              8 |         4.00 |
|  sys_clk                       | litepcieendpoint_syncfifo4_wrport_we                                                                      | basesoc_ad9361_rx_cdc_cd_rst                                                                         |                2 |              8 |         4.00 |
|  sys_clk                       | litepcieendpoint_syncfifo7_wrport_we                                                                      | basesoc_ad9361_rx_cdc_cd_rst                                                                         |                2 |              8 |         4.00 |
|  sys_clk                       | litepcieendpoint_syncfifo4_rdport_re                                                                      | basesoc_ad9361_rx_cdc_cd_rst                                                                         |                2 |              8 |         4.00 |
|  sys_clk                       | litepcieendpoint_syncfifo1_wrport_we                                                                      | basesoc_ad9361_rx_cdc_cd_rst                                                                         |                2 |              8 |         4.00 |
|  sys_clk                       | basesoc_basesoc_reader_last_user_id0                                                                      | basesoc_ad9361_rx_cdc_cd_rst                                                                         |                4 |              8 |         2.00 |
|  rfic_clk                      | storage_mem_rdport_re                                                                                     |                                                                                                      |                4 |              8 |         2.00 |
|  basesoc_crg_clkin             |                                                                                                           |                                                                                                      |                2 |              8 |         4.00 |
|  sys_clk                       | basesoc_basesoc_writer_table_table_level[8]_i_2_n_0                                                       | basesoc_basesoc_writer_table_table_level                                                             |                3 |              9 |         3.00 |
|  sys_clk                       | litepcieendpoint_syncfifo4_level0[8]_i_1_n_0                                                              | basesoc_ad9361_rx_cdc_cd_rst                                                                         |                2 |              9 |         4.50 |
|  sys_clk                       | csr_bankarray_csrbank16_control0_re                                                                       | basesoc_ad9361_rx_cdc_cd_rst                                                                         |                4 |              9 |         2.25 |
|  sys_clk                       | basesoc_basesoc_reader_table_table_level[8]_i_2_n_0                                                       | basesoc_basesoc_reader_table_table_level                                                             |                3 |              9 |         3.00 |
|  sys_clk                       | litepcieendpoint_syncfifo1_level0[8]_i_1_n_0                                                              | basesoc_ad9361_rx_cdc_cd_rst                                                                         |                2 |              9 |         4.50 |
|  sys_clk                       | storage_offset_storage[8]_i_1_n_0                                                                         | basesoc_ad9361_rx_cdc_cd_rst                                                                         |                3 |              9 |         3.00 |
|  sys_clk                       | litepcieendpoint_syncfifo2_level0[8]_i_1_n_0                                                              | basesoc_ad9361_rx_cdc_cd_rst                                                                         |                2 |              9 |         4.50 |
|  sys_clk                       | csr_bankarray_csrbank1_storage_length0_re                                                                 | basesoc_ad9361_rx_cdc_cd_rst                                                                         |                2 |              9 |         4.50 |
|  sys_clk                       | litepcieendpoint_syncfifo7_level0[8]_i_1_n_0                                                              | basesoc_ad9361_rx_cdc_cd_rst                                                                         |                3 |              9 |         3.00 |
|  sys_clk                       | litepcieendpoint_syncfifo0_level0[8]_i_1_n_0                                                              | basesoc_ad9361_rx_cdc_cd_rst                                                                         |                3 |              9 |         3.00 |
|  sys_clk                       | litepcieendpoint_syncfifo5_level0[8]_i_1_n_0                                                              | basesoc_ad9361_rx_cdc_cd_rst                                                                         |                3 |              9 |         3.00 |
|  sys_clk                       | basesoc_basesoc_writer_data_fifo_level0[8]_i_1_n_0                                                        | basesoc_basesoc_writer_splitter_length                                                               |                2 |              9 |         4.50 |
|  rfic_clk                      | storage_count[8]_i_2_n_0                                                                                  | clear                                                                                                |                3 |              9 |         3.00 |
|  sys_clk                       |                                                                                                           | basesoc_si5351_litei2cphycore_litei2cclkgen_cnt[8]_i_1_n_0                                           |                3 |              9 |         3.00 |
|  rfic_clk                      | storage_mem_level0[8]_i_1_n_0                                                                             |                                                                                                      |                4 |              9 |         2.25 |
|  pclk_clk                      | pcie_s7/inst/inst/gt_top_i/pipe_wrapper_i/pipe_lane[0].pipe_eq.pipe_eq_i/txeq_preset[15]_i_1_n_0          |                                                                                                      |                5 |              9 |         1.80 |
|  sys_clk                       | litepcieendpoint_syncfifo6_level0[8]_i_1_n_0                                                              | basesoc_ad9361_rx_cdc_cd_rst                                                                         |                3 |              9 |         3.00 |
|  sys_clk                       | litepcieendpoint_syncfifo3_level0[8]_i_1_n_0                                                              | basesoc_ad9361_rx_cdc_cd_rst                                                                         |                2 |              9 |         4.50 |
|  sys_clk                       |                                                                                                           | from2632_rst                                                                                         |                3 |             10 |         3.33 |
|  basesoc_s7pciephy_clkout_buf3 |                                                                                                           | to2632_rst                                                                                           |                3 |             10 |         3.33 |
|  sys_clk                       | basesoc_basesoc_buffering_syncfifo0_produce[9]_i_1_n_0                                                    | basesoc_basesoc_reader_pending_words                                                                 |                3 |             10 |         3.33 |
|  sys_clk                       |                                                                                                           | to3033_rst                                                                                           |                2 |             10 |         5.00 |
|  sys_clk                       |                                                                                                           | csr_bankarray_interface13_bank_bus_dat_r[9]_i_1_n_0                                                  |                4 |             10 |         2.50 |
|  sys_clk                       |                                                                                                           | csr_bankarray_interface15_bank_bus_dat_r[9]_i_1_n_0                                                  |                7 |             10 |         1.43 |
|  sys_clk                       | basesoc_basesoc_buffering_syncfifo1_wrport_we                                                             | basesoc_basesoc_buffering_syncfifo1_level0                                                           |                2 |             10 |         5.00 |
|  basesoc_s7pciephy_clkout_buf3 |                                                                                                           | from3033_rst                                                                                         |                3 |             10 |         3.33 |
|  sys_clk                       | basesoc_basesoc_buffering_syncfifo0_syncfifo0_re                                                          | basesoc_basesoc_reader_pending_words                                                                 |                2 |             10 |         5.00 |
|  sys_clk                       | basesoc_basesoc_buffering_syncfifo1_syncfifo1_re                                                          | basesoc_basesoc_buffering_syncfifo1_level0                                                           |                2 |             10 |         5.00 |
|  jtag_clk                      | basesoc_basesoc_jtagbone_phy_count_jtagphy_next_value_ce2                                                 | basesoc_basesoc_jtagbone_phy_count                                                                   |                4 |             11 |         2.75 |
|  sys_clk                       | basesoc_basesoc_buffering_syncfifo0_level0[10]_i_1_n_0                                                    | basesoc_basesoc_reader_pending_words                                                                 |                4 |             11 |         2.75 |
|  sys_clk                       | basesoc_basesoc_reader_data_fifo_wrport_we                                                                | basesoc_basesoc_reader_splitter_length                                                               |                4 |             11 |         2.75 |
|  sys_clk                       | basesoc_basesoc_reader_data_fifo_rdport_re                                                                | basesoc_basesoc_reader_splitter_length                                                               |                3 |             11 |         3.67 |
|  rfic_clk                      | basesoc_ad9361rfic_ad9361prbschecker0_count[10]_i_1_n_0                                                   | basesoc_ad9361rfic_ad9361prbschecker0_error                                                          |                3 |             11 |         3.67 |
|  rfic_clk                      | basesoc_ad9361rfic_ad9361prbschecker1_count[10]_i_1_n_0                                                   | basesoc_ad9361rfic_ad9361prbschecker1_error                                                          |                3 |             11 |         3.67 |
|  sys_clk                       | basesoc_basesoc_buffering_reader_fifo_level_min[10]_i_1_n_0                                               | basesoc_ad9361_rx_cdc_cd_rst                                                                         |                2 |             11 |         5.50 |
|  sys_clk                       | basesoc_basesoc_buffering_syncfifo1_level0[10]_i_2_n_0                                                    | basesoc_basesoc_buffering_syncfifo1_level0                                                           |                4 |             11 |         2.75 |
|  sys_clk                       | basesoc_basesoc_buffering_writer_fifo_level_max_reg[10]_i_2_n_2                                           | basesoc_basesoc_buffering_writer_fifo_level_max[10]_i_1_n_0                                          |                3 |             11 |         3.67 |
|  rfic_clk                      | basesoc_ad9361_gpio_tx_unpacker_sink_ready                                                                |                                                                                                      |                3 |             12 |         4.00 |
|  sys_clk                       | basesoc_csrstatus2_status                                                                                 | basesoc_ad9361_rx_cdc_cd_rst                                                                         |                5 |             12 |         2.40 |
|  jtag_clk                      | basesoc_basesoc_jtagbone_phy_rx_cdc_cdc_wrport_we__0                                                      |                                                                                                      |                2 |             12 |         6.00 |
|  sys_clk                       | basesoc_csrstatus3_status                                                                                 | basesoc_ad9361_rx_cdc_cd_rst                                                                         |                7 |             12 |         1.71 |
|  sys_clk                       | basesoc_csrstatus0_status                                                                                 | basesoc_ad9361_rx_cdc_cd_rst                                                                         |                6 |             12 |         2.00 |
|  sys_clk                       | basesoc_basesoc_jtagbone_phy_tx_cdc_cdc_wrport_we__0                                                      |                                                                                                      |                2 |             12 |         6.00 |
|  sys_clk                       | basesoc_basesoc_reader_data_fifo_level0[0]_i_1_n_0                                                        | basesoc_basesoc_reader_splitter_length                                                               |                3 |             12 |         4.00 |
|  sys_clk                       | basesoc_csrstatus1_status                                                                                 | basesoc_ad9361_rx_cdc_cd_rst                                                                         |                5 |             12 |         2.40 |
|  sys_clk                       |                                                                                                           | csr_bankarray_interface18_bank_bus_dat_r[11]_i_1_n_0                                                 |                4 |             12 |         3.00 |
|  sys_clk                       |                                                                                                           | basesoc_basesoc_reader_pending_words                                                                 |                3 |             12 |         4.00 |
|  clk4_counter_clk              | basesoc_ppsgenerator_time_next[30]_i_2_n_0                                                                | basesoc_time_gen_time_change_ps_o                                                                    |                3 |             12 |         4.00 |
|  sys_clk                       | litepcieendpoint_req_queue_syncfifo_re                                                                    |                                                                                                      |                4 |             13 |         3.25 |
|  sys_clk                       | basesoc_si5351_adr_si5351_resetinserter_next_value_ce                                                     | basesoc_si5351_adr                                                                                   |                4 |             14 |         3.50 |
|  sys_clk                       | csr_bankarray_csrbank1_trigger_mem_mask0_re                                                               | basesoc_ad9361_rx_cdc_cd_rst                                                                         |                4 |             15 |         3.75 |
|  sys_clk                       | csr_bankarray_csrbank1_trigger_mem_value0_re                                                              | basesoc_ad9361_rx_cdc_cd_rst                                                                         |                4 |             15 |         3.75 |
|  rfic_clk                      | basesoc_ad9361_ad9361phy_source_valid                                                                     | basesoc_ad9361rfic_ad9361prbschecker1_error                                                          |                4 |             16 |         4.00 |
|  sys_clk                       | basesoc_basesoc_writer_table_count                                                                        | basesoc_basesoc_writer_table_table_level                                                             |                4 |             16 |         4.00 |
|  sys_clk                       | basesoc_basesoc_reader_table_count                                                                        | basesoc_basesoc_reader_table_table_level                                                             |                4 |             16 |         4.00 |
|  sys_clk                       |                                                                                                           | basesoc_flash_clk_divider1[0]_i_1_n_0                                                                |                4 |             16 |         4.00 |
|  rfic_clk                      | basesoc_ad9361_gpio_tx_unpacker_sink_ready                                                                | basesoc_ad9361rfic_reset                                                                             |                4 |             16 |         4.00 |
|  rfic_clk                      | subsampler_counter                                                                                        | subsampler_counter[0]_i_1_n_0                                                                        |                4 |             16 |         4.00 |
|  sys_clk                       | csr_bankarray_csrbank0_spi_control0_re                                                                    | basesoc_ad9361_rx_cdc_cd_rst                                                                         |                7 |             16 |         2.29 |
|  rfic_clk                      | basesoc_ad9361_ad9361phy_source_valid                                                                     | basesoc_ad9361rfic_ad9361prbschecker0_error                                                          |                4 |             16 |         4.00 |
|  sys_clk                       | csr_bankarray_csrbank1_subsampler_value0_re                                                               | basesoc_ad9361_rx_cdc_cd_rst                                                                         |                3 |             16 |         5.33 |
|  sys_clk                       |                                                                                                           | csr_bankarray_interface1_bank_bus_dat_r[15]_i_1_n_0                                                  |               10 |             16 |         1.60 |
|  pclk_clk                      |                                                                                                           | pcie_s7/inst/inst/gt_top_i/pipe_wrapper_i/gtp_pipe_reset.gtp_pipe_reset_i/rxusrclk_rst_reg2_reg_0[0] |                4 |             16 |         4.00 |
|  sys_clk                       | csr_bankarray_csrbank7_spi_control0_re                                                                    | basesoc_ad9361_rx_cdc_cd_rst                                                                         |                3 |             16 |         5.33 |
|  sys_clk                       | basesoc_basesoc_writer_table_table_do_read                                                                | basesoc_basesoc_writer_table_index[0]_i_1_n_0                                                        |                4 |             16 |         4.00 |
|  basesoc_s7pciephy_clkout_buf3 | pcie_s7/inst/inst/pcie_top_i/pcie_7x_i/E[0]                                                               | pcie_s7/inst/inst/pcie_top_i/tx_inst/tx_pipeline_inst/reg_disable_trn2                               |                4 |             16 |         4.00 |
|  sys_clk                       | basesoc_basesoc_reader_table_table_do_read                                                                | basesoc_basesoc_reader_table_index[0]_i_1_n_0                                                        |                4 |             16 |         4.00 |
|  sys_clk                       | csr_bankarray_csrbank16_i2c_master_settings0_re                                                           | basesoc_ad9361_rx_cdc_cd_rst                                                                         |                6 |             17 |         2.83 |
|  sys_clk                       | csr_bankarray_csrbank7_spi_cs0_re                                                                         | basesoc_ad9361_rx_cdc_cd_rst                                                                         |                5 |             17 |         3.40 |
|  pclk_clk                      | pcie_s7/inst/inst/gt_top_i/pipe_wrapper_i/pipe_lane[0].pipe_eq.pipe_eq_i/txeq_txcoeff                     | pcie_s7/inst/inst/gt_top_i/pipe_wrapper_i/gtp_pipe_reset.gtp_pipe_reset_i/pllreset_reg_0             |               10 |             19 |         1.90 |
|  sys_clk                       |                                                                                                           | count[0]_i_1_n_0                                                                                     |                5 |             20 |         4.00 |
|  sys_clk                       | basesoc_ad9361_ad9361spimaster_mosi_shift_reg[23]                                                         | basesoc_ad9361_rx_cdc_cd_rst                                                                         |                9 |             23 |         2.56 |
|  rfic_clk                      | basesoc_ad9361_ad9361phy_rx_data_valid[3]                                                                 | impl_xilinxmultiregimpl34_regs1                                                                      |                7 |             24 |         3.43 |
|  sys_clk                       | basesoc_basesoc_writer_req_count_litepciedma_fsm_next_value_ce                                            | basesoc_basesoc_writer_req_count[0]_i_1_n_0                                                          |                6 |             24 |         4.00 |
|  sys_clk                       |                                                                                                           | basesoc_basesoc_mmap_sink_payload_req_id                                                             |                6 |             24 |         4.00 |
|  sys_clk                       | litepcieendpoint_req_queue_wrport_we__0                                                                   |                                                                                                      |                3 |             24 |         8.00 |
|  pclk_clk                      |                                                                                                           |                                                                                                      |                8 |             24 |         3.00 |
|  rfic_clk                      | basesoc_ad9361_ad9361phy_rx_data_qb                                                                       |                                                                                                      |                8 |             24 |         3.00 |
|  sys_clk                       | csr_bankarray_csrbank0_spi_mosi0_re                                                                       | basesoc_ad9361_rx_cdc_cd_rst                                                                         |                4 |             24 |         6.00 |
|  jtag_clk                      |                                                                                                           |                                                                                                      |                5 |             24 |         4.80 |
|  sys_clk                       | basesoc_ad9361_ad9361spimaster_miso_shift_reg[23]_i_1_n_0                                                 | basesoc_ad9361_rx_cdc_cd_rst                                                                         |                5 |             24 |         4.80 |
|  sys_clk                       | basesoc_basesoc_jtagbone_count[0]_i_2_n_0                                                                 | basesoc_basesoc_jtagbone_count[0]_i_1_n_0                                                            |                6 |             24 |         4.00 |
|  rfic_clk                      | storage_cdc_wrport_we__0                                                                                  |                                                                                                      |                3 |             24 |         8.00 |
|  rfic_clk                      | basesoc_ad9361_ad9361phy_source_payload_ib                                                                |                                                                                                      |                7 |             24 |         3.43 |
|  rfic_clk                      | basesoc_ad9361_ad9361phy_rx_data_qa                                                                       |                                                                                                      |               10 |             24 |         2.40 |
|  clk4_counter_clk              | basesoc_ppsgenerator_pps                                                                                  | basesoc_ppsgenerator_count[0]_i_1_n_0                                                                |                6 |             24 |         4.00 |
|  sys_clk                       | basesoc_basesoc_writer_table_value_storage[57]_i_1_n_0                                                    |                                                                                                      |                8 |             26 |         3.25 |
|  sys_clk                       | basesoc_basesoc_writer_table_table_do_read                                                                | basesoc_basesoc_writer_table_table_level                                                             |                7 |             26 |         3.71 |
|  sys_clk                       | basesoc_basesoc_reader_table_value_storage[57]_i_1_n_0                                                    |                                                                                                      |               11 |             26 |         2.36 |
|  sys_clk                       |                                                                                                           | basesoc_leds_count[0]_i_1_n_0                                                                        |                7 |             26 |         3.71 |
|  sys_clk                       | basesoc_basesoc_reader_table_table_do_read                                                                | basesoc_basesoc_reader_table_table_level                                                             |               10 |             29 |         2.90 |
|  sys_clk                       | basesoc_basesoc_jtagbone_address_uartbone_next_value_ce5                                                  |                                                                                                      |               13 |             30 |         2.31 |
|  sys_clk                       | basesoc_si5351_litei2cphycore_sr_out[31]_i_1_n_0                                                          | basesoc_ad9361_rx_cdc_cd_rst                                                                         |               12 |             31 |         2.58 |
|  sys_clk                       | csr_bankarray_csrbank0_agc_count_rx2_high_control0_re                                                     | basesoc_ad9361_rx_cdc_cd_rst                                                                         |               12 |             32 |         2.67 |
|  sys_clk                       | basesoc_rx_cycles_rxheaderinserter_next_value_ce0                                                         | basesoc_rx_cycles                                                                                    |                5 |             32 |         6.40 |
|  sys_clk                       | csr_bankarray_csrbank17_time_adjustment0_re                                                               | basesoc_ad9361_rx_cdc_cd_rst                                                                         |                6 |             32 |         5.33 |
|  sys_clk                       | basesoc_basesoc_depacketizer_header_extracter_dat[63]_i_1_n_0                                             |                                                                                                      |               14 |             32 |         2.29 |
|  sys_clk                       | csr_bankarray_csrbank12_reader_table_we0_re                                                               | basesoc_ad9361_rx_cdc_cd_rst                                                                         |               11 |             32 |         2.91 |
|  sys_clk                       | basesoc_ad9361rfic_agc_count_rx1_low_count                                                                | basesoc_ad9361rfic_agc_count_rx1_low_count[0]_i_1_n_0                                                |                8 |             32 |         4.00 |
|  sys_clk                       | csr_bankarray_csrbank5_scratch0_re                                                                        | basesoc_ad9361_rx_cdc_cd_rst                                                                         |                6 |             32 |         5.33 |
|  sys_clk                       | csr_bankarray_csrbank16_pwm_period0_re                                                                    |                                                                                                      |               10 |             32 |         3.20 |
|  sys_clk                       | basesoc_basesoc_jtagbone_data_uartbone_next_value_ce7                                                     |                                                                                                      |               14 |             32 |         2.29 |
|  sys_clk                       | basesoc_ad9361rfic_agc_count_rx2_low_count                                                                | basesoc_ad9361rfic_agc_count_rx2_low_count[0]_i_1_n_0                                                |                8 |             32 |         4.00 |
|  sys_clk                       | csr_bankarray_csrbank12_buffering_writer_fifo_control0_re                                                 | basesoc_ad9361_rx_cdc_cd_rst                                                                         |               11 |             32 |         2.91 |
|  sys_clk                       | basesoc_ad9361rfic_agc_count_rx1_high_count                                                               | basesoc_ad9361rfic_agc_count_rx1_high_count[0]_i_1_n_0                                               |                8 |             32 |         4.00 |
|  icap_clk                      | basesoc_icap_read_data_icap_next_value_ce1                                                                | basesoc_icap_reset                                                                                   |                8 |             32 |         4.00 |
|  sys_clk                       | basesoc_basesoc_writer_table_value_storage[31]_i_1_n_0                                                    |                                                                                                      |                8 |             32 |         4.00 |
|  sys_clk                       | basesoc_basesoc_packetizer_header_inserter_header_inserter_3dws_dat0                                      | basesoc_basesoc_packetizer_header_inserter_header_inserter_3dws_dat[63]_i_1_n_0                      |               15 |             32 |         2.13 |
|  sys_clk                       | csr_bankarray_csrbank12_writer_table_we0_re                                                               | basesoc_ad9361_rx_cdc_cd_rst                                                                         |                8 |             32 |         4.00 |
|  sys_clk                       | csr_bankarray_csrbank9_rx_frame_cycles0_re                                                                | basesoc_ad9361_rx_cdc_cd_rst                                                                         |               14 |             32 |         2.29 |
|  sys_clk                       | csr_bankarray_csrbank12_buffering_reader_fifo_control0_re                                                 | basesoc_ad9361_rx_cdc_cd_rst                                                                         |                8 |             32 |         4.00 |
|  sys_clk                       |                                                                                                           | csr_bankarray_interface16_bank_bus_dat_r[31]_i_1_n_0                                                 |               18 |             32 |         1.78 |
|  sys_clk                       | basesoc_tx_cycles_txheaderextracter_next_value_ce0                                                        | basesoc_tx_timestamp                                                                                 |                7 |             32 |         4.57 |
|  sys_clk                       | basesoc_basesoc_mmap_update_dat                                                                           | basesoc_ad9361_rx_cdc_cd_rst                                                                         |                9 |             32 |         3.56 |
|  sys_clk                       | basesoc_time_gen_write_time_storage[31]_i_1_n_0                                                           | basesoc_ad9361_rx_cdc_cd_rst                                                                         |               11 |             32 |         2.91 |
|  sys_clk                       | basesoc_time_gen_write_time_storage[63]_i_1_n_0                                                           | basesoc_ad9361_rx_cdc_cd_rst                                                                         |               16 |             32 |         2.00 |
|  sys_clk                       |                                                                                                           | csr_bankarray_interface3_bank_bus_dat_r[31]_i_1_n_0                                                  |               23 |             32 |         1.39 |
|  sys_clk                       |                                                                                                           | csr_bankarray_interface14_bank_bus_dat_r[31]_i_1_n_0                                                 |               15 |             32 |         2.13 |
|  sys_clk                       |                                                                                                           | csr_bankarray_interface9_bank_bus_dat_r[31]_i_1_n_0                                                  |               21 |             32 |         1.52 |
|  sys_clk                       | basesoc_basesoc_reader_table_value_storage[31]_i_1_n_0                                                    |                                                                                                      |               11 |             32 |         2.91 |
|  sys_clk                       |                                                                                                           | csr_bankarray_interface12_bank_bus_dat_r[31]_i_1_n_0                                                 |               19 |             32 |         1.68 |
|  sys_clk                       | basesoc_ad9361rfic_agc_count_rx1_low_control_storage[31]_i_1_n_0                                          | basesoc_ad9361_rx_cdc_cd_rst                                                                         |               17 |             32 |         1.88 |
|  sys_clk                       | basesoc_ad9361_rx_bitmode_converter_source_payload_data[31]_i_1_n_0                                       | basesoc_ad9361_rx_cdc_cd_rst                                                                         |                8 |             32 |         4.00 |
|  sys_clk                       | basesoc_ad9361_rx_bitmode_converter_strobe_all                                                            | basesoc_ad9361_rx_cdc_cd_rst                                                                         |               11 |             32 |         2.91 |
|  sys_clk                       | csr_bankarray_csrbank0_agc_count_rx2_low_control0_re                                                      | basesoc_ad9361_rx_cdc_cd_rst                                                                         |               14 |             32 |         2.29 |
|  sys_clk                       |                                                                                                           | csr_bankarray_interface5_bank_bus_dat_r[31]_i_1_n_0                                                  |               13 |             32 |         2.46 |
|  sys_clk                       |                                                                                                           | basesoc_si5351_pwm_counter[0]_i_1_n_0                                                                |                8 |             32 |         4.00 |
|  sys_clk                       | basesoc_flash_mosi_storage[31]_i_1_n_0                                                                    |                                                                                                      |                7 |             32 |         4.57 |
|  sys_clk                       | basesoc_ad9361rfic_agc_count_rx2_high_count                                                               | basesoc_ad9361rfic_agc_count_rx2_high_count[0]_i_1_n_0                                               |                8 |             32 |         4.00 |
|  sys_clk                       |                                                                                                           | csr_bankarray_interface17_bank_bus_dat_r[31]_i_1_n_0                                                 |               15 |             32 |         2.13 |
|  sys_clk                       |                                                                                                           | csr_bankarray_interface7_bank_bus_dat_r[31]_i_1_n_0                                                  |               15 |             32 |         2.13 |
|  sys_clk                       | csr_bankarray_csrbank9_tx_frame_cycles0_re                                                                | basesoc_ad9361_rx_cdc_cd_rst                                                                         |               10 |             32 |         3.20 |
|  sys_clk                       | csr_bankarray_csrbank14_enable0_re                                                                        | basesoc_ad9361_rx_cdc_cd_rst                                                                         |               10 |             32 |         3.20 |
|  sys_clk                       | csr_bankarray_csrbank0_agc_count_rx1_high_control0_re                                                     | basesoc_ad9361_rx_cdc_cd_rst                                                                         |               14 |             32 |         2.29 |
|  sys_clk                       | csr_bankarray_csrbank14_clear0_re                                                                         | basesoc_ad9361_rx_cdc_cd_rst                                                                         |                8 |             32 |         4.00 |
|  sys_clk                       | basesoc_si5351_litei2cphycore_sr_in[31]_i_2_n_0                                                           | basesoc_si5351_litei2cphycore_sr_in[31]_i_1_n_0                                                      |                8 |             32 |         4.00 |
|  sys_clk                       | basesoc_time_gen_time_adjustment_storage[63]_i_1_n_0                                                      | basesoc_ad9361_rx_cdc_cd_rst                                                                         |                7 |             32 |         4.57 |
|  sys_clk                       | csr_bankarray_csrbank16_pwm_width0_re                                                                     |                                                                                                      |                9 |             32 |         3.56 |
|  sys_clk                       | basesoc_basesoc_bus_errors                                                                                | basesoc_ad9361_rx_cdc_cd_rst                                                                         |                8 |             32 |         4.00 |
|  sys_clk                       |                                                                                                           | csr_bankarray_interface10_bank_bus_dat_r[31]_i_1_n_0                                                 |                6 |             32 |         5.33 |
|  sys_clk                       |                                                                                                           | csr_bankarray_interface6_bank_bus_dat_r[31]_i_1_n_0                                                  |               20 |             32 |         1.60 |
|  sys_clk                       | basesoc_icap_data_storage[31]_i_1_n_0                                                                     |                                                                                                      |               12 |             32 |         2.67 |
|  sys_clk                       |                                                                                                           | csr_bankarray_interface0_bank_bus_dat_r[31]_i_1_n_0                                                  |               21 |             32 |         1.52 |
|  basesoc_s7pciephy_clkout_buf3 |                                                                                                           |                                                                                                      |               12 |             39 |         3.25 |
|  sys_clk                       | basesoc_flash_clk_rise                                                                                    | basesoc_ad9361_rx_cdc_cd_rst                                                                         |                9 |             40 |         4.44 |
|  sys_clk                       | basesoc_flash_mosi_latch                                                                                  | basesoc_ad9361_rx_cdc_cd_rst                                                                         |                8 |             40 |         5.00 |
|  pclk_clk                      |                                                                                                           | pcie_s7/inst/inst/gt_top_i/pipe_wrapper_i/gtp_pipe_reset.gtp_pipe_reset_i/reset_n_reg2_reg           |               11 |             40 |         3.64 |
|  sys_clk                       | basesoc_flash_miso_latch                                                                                  | basesoc_ad9361_rx_cdc_cd_rst                                                                         |               11 |             40 |         3.64 |
|  sys_clk                       | trigger_mem_wrport_we__0                                                                                  |                                                                                                      |                5 |             40 |         8.00 |
|  clk4_counter_clk              | basesoc_ppsgenerator_time_next_clockdomainsrenamer_next_value_ce0                                         | basesoc_ppsgenerator_time_next[63]_i_1_n_0                                                           |               13 |             44 |         3.38 |
|  sys_clk                       | storage_1_reg_0_7_0_5_i_1_n_0                                                                             |                                                                                                      |                6 |             48 |         8.00 |
|  sys_clk                       |                                                                                                           | basesoc_basesoc_mmap_source_payload_dat[0]                                                           |               16 |             50 |         3.12 |
|  basesoc_s7pciephy_clkout_buf0 |                                                                                                           | pcie_s7/inst/inst/gt_top_i/pipe_wrapper_i/gtp_pipe_reset.gtp_pipe_reset_i/SR[0]                      |               12 |             58 |         4.83 |
|  dna_clk                       | basesoc_dna_status[56]_i_1_n_0                                                                            |                                                                                                      |               15 |             63 |         4.20 |
|  clk4_counter_clk              | basesoc_time_gen_time_read_ps_o                                                                           |                                                                                                      |               18 |             64 |         3.56 |
|  clk4_counter_clk              |                                                                                                           | clk4_counter_rst                                                                                     |               16 |             64 |         4.00 |
|  sys_clk                       | basesoc_tx_header_txheaderextracter_next_value_ce1                                                        | basesoc_tx_timestamp                                                                                 |               25 |             64 |         2.56 |
|  clk4_counter_clk              |                                                                                                           | basesoc_time_gen_time1[0]_i_1_n_0                                                                    |               16 |             64 |         4.00 |
|  clk4_counter_clk              | basesoc_clkmeasurement4_o                                                                                 | clk4_counter_rst                                                                                     |               19 |             64 |         3.37 |
|  sys_clk                       | basesoc_clkmeasurement0_o                                                                                 | clk0_counter_rst                                                                                     |               14 |             64 |         4.57 |
|  basesoc_s7pciephy_clkout_buf3 |                                                                                                           | clk1_counter_rst                                                                                     |               16 |             64 |         4.00 |
|  basesoc_s7pciephy_clkout_buf3 | basesoc_clkmeasurement1_o                                                                                 | clk1_counter_rst                                                                                     |               18 |             64 |         3.56 |
|  sys_clk                       | storage_reg_0_7_0_5_i_1_n_0                                                                               |                                                                                                      |                8 |             64 |         8.00 |
|  rfic_clk                      |                                                                                                           | clk3_counter_rst                                                                                     |               16 |             64 |         4.00 |
|  rfic_clk                      | basesoc_clkmeasurement3_o                                                                                 | clk3_counter_rst                                                                                     |               18 |             64 |         3.56 |
|  sys_clk                       | basesoc_basesoc_packetizer_tlp_raw_ready                                                                  | basesoc_basesoc_packetizer_tlp_raw_buf_pipe_valid_source_payload_dat[63]_i_1_n_0                     |               14 |             64 |         4.57 |
|  sys_clk                       | basesoc_rx_update                                                                                         | basesoc_last_rx_timestamp_status[63]_i_1_n_0                                                         |               18 |             64 |         3.56 |
|  sys_clk                       |                                                                                                           | clk0_counter_rst                                                                                     |               16 |             64 |         4.00 |
|  clk4_counter_clk              | basesoc_time_sync_pong_o                                                                                  |                                                                                                      |               21 |             64 |         3.05 |
|  clk2_counter_clk              | basesoc_clkmeasurement2_o                                                                                 | clk2_counter_rst                                                                                     |               20 |             64 |         3.20 |
|  sys_clk                       | basesoc_tx_timestamp_txheaderextracter_next_value_ce2                                                     | basesoc_tx_timestamp                                                                                 |               24 |             64 |         2.67 |
|  clk2_counter_clk              |                                                                                                           | clk2_counter_rst                                                                                     |               16 |             64 |         4.00 |
|  sys_clk                       | basesoc_time_sync_ping_o1                                                                                 |                                                                                                      |               22 |             65 |         2.95 |
|  sys_clk                       | basesoc_ad9361_rx_buffer_sink_sink_ready                                                                  | basesoc_ad9361_rx_cdc_cd_rst                                                                         |               20 |             65 |         3.25 |
|  sys_clk                       | basesoc_s7pciephy_tx_datapath_pipe_valid_source_valid_i_1_n_0                                             | basesoc_ad9361_rx_cdc_cd_rst                                                                         |               39 |             67 |         1.72 |
|  basesoc_s7pciephy_clkout_buf3 | pcie_s7/inst/inst/pcie_top_i/axi_basic_top/rx_inst/rx_pipeline_inst/E[0]                                  | pcie_s7/inst/inst/user_reset_out_reg_0                                                               |               16 |             67 |         4.19 |
|  basesoc_s7pciephy_clkout_buf3 | pcie_s7/inst/inst/pcie_top_i/axi_basic_top/rx_inst/rx_pipeline_inst/m_axis_rx_tdata[63]_i_1_n_0           | pcie_s7/inst/inst/user_reset_out_reg_0                                                               |               15 |             67 |         4.47 |
|  basesoc_s7pciephy_clkout_buf3 | basesoc_s7pciephy_rx_datapath_pipe_ready_sink_d_valid_i_1_n_0                                             | pcie_s7/inst/inst/user_reset_out_reg_0                                                               |               18 |             73 |         4.06 |
|  basesoc_s7pciephy_clkout_buf3 | basesoc_s7pciephy_tx_datapath_pipe_ready_sink_d_payload_dat[63]_i_1_n_0                                   | pcie_s7/inst/inst/user_reset_out_reg_0                                                               |               20 |             73 |         3.65 |
|  pclk_clk                      |                                                                                                           | pcie_s7/inst/inst/gt_top_i/SR[0]                                                                     |               24 |             79 |         3.29 |
|  rfic_clk                      | basesoc_ad9361_rx_cdc_cdc_wrport_we__0                                                                    |                                                                                                      |               11 |             88 |         8.00 |
|  sys_clk                       | basesoc_basesoc_packetizer_tlp_raw_ready                                                                  | basesoc_ad9361_rx_cdc_cd_rst                                                                         |               40 |             92 |         2.30 |
|  sys_clk                       | basesoc_basesoc_reader_splitter_length[23]_i_2_n_0                                                        | basesoc_basesoc_reader_splitter_length                                                               |               26 |            101 |         3.88 |
|  sys_clk                       | basesoc_basesoc_writer_splitter_source_payload_address_litepciedma_resetinserter_next_value_ce2           | basesoc_basesoc_writer_splitter_length                                                               |               27 |            102 |         3.78 |
|  pclk_clk                      |                                                                                                           | pcie_s7/inst/inst/gt_top_i/pipe_wrapper_i/gtp_pipe_reset.gtp_pipe_reset_i/pllreset_reg_0             |               32 |            108 |         3.38 |
|  sys_clk                       | basesoc_basesoc_depacketizer_header_extracter_source_payload_header[127]_i_1_n_0                          | basesoc_ad9361_rx_cdc_cd_rst                                                                         |               39 |            109 |         2.79 |
|  basesoc_s7pciephy_clkout_buf3 |                                                                                                           | pcie_s7/inst/inst/user_reset_out_reg_0                                                               |               33 |            114 |         3.45 |
|  sys_clk                       | storage_7_reg_0_63_0_2_i_1_n_0                                                                            |                                                                                                      |               31 |            124 |         4.00 |
|  sys_clk                       | storage_7_reg_128_191_0_2_i_1_n_0                                                                         |                                                                                                      |               31 |            124 |         4.00 |
|  sys_clk                       | storage_7_reg_192_255_0_2_i_1_n_0                                                                         |                                                                                                      |               31 |            124 |         4.00 |
|  sys_clk                       | storage_9_reg_128_191_0_2_i_1_n_0                                                                         |                                                                                                      |               31 |            124 |         4.00 |
|  sys_clk                       | storage_9_reg_0_63_0_2_i_1_n_0                                                                            |                                                                                                      |               31 |            124 |         4.00 |
|  sys_clk                       | storage_7_reg_64_127_0_2_i_1_n_0                                                                          |                                                                                                      |               31 |            124 |         4.00 |
|  sys_clk                       | storage_9_reg_64_127_0_2_i_1_n_0                                                                          |                                                                                                      |               31 |            124 |         4.00 |
|  sys_clk                       | storage_9_reg_192_255_0_2_i_1_n_0                                                                         |                                                                                                      |               31 |            124 |         4.00 |
|  sys_clk                       | basesoc_tx_update                                                                                         | basesoc_last_tx_timestamp_status                                                                     |               26 |            128 |         4.92 |
|  rfic_clk                      |                                                                                                           |                                                                                                      |               51 |            171 |         3.35 |
|  clk4_counter_clk              |                                                                                                           |                                                                                                      |               65 |            338 |         5.20 |
|  sys_clk                       |                                                                                                           | basesoc_ad9361_rx_cdc_cd_rst                                                                         |              184 |            408 |         2.22 |
|  sys_clk                       |                                                                                                           |                                                                                                      |              335 |           1287 |         3.84 |
+--------------------------------+-----------------------------------------------------------------------------------------------------------+------------------------------------------------------------------------------------------------------+------------------+----------------+--------------+


